<?xml version="1.0" encoding="UTF-8"?>
<!-- Generated by org.testng.reporters.JUnitReportReporter -->
<testsuite hostname="AP2438U" name="com.baidumap.MapTest01" tests="1" failures="0" timestamp="20 Jun 2017 05:32:22 GMT" time="29.112" errors="0">
  <testcase name="verifySearchButton" time="29.112" classname="com.baidumap.MapTest01"/>
</testsuite> <!-- com.baidumap.MapTest01 -->
